{"/Users/fantiga/Projects/recruitment/population-change-map-react-ts/src/App.tsx": {"path":"/Users/fantiga/Projects/recruitment/population-change-map-react-ts/src/App.tsx","statementMap":{"0":{"start":{"line":12,"column":16},"end":{"line":16,"column":1}},"1":{"start":{"line":13,"column":2},"end":{"line":15,"column":21}}},"fnMap":{"0":{"name":"(anonymous_0)","decl":{"start":{"line":12,"column":16},"end":{"line":12,"column":17}},"loc":{"start":{"line":13,"column":2},"end":{"line":15,"column":21}},"line":13}},"branchMap":{},"s":{"0":1,"1":1},"f":{"0":1},"b":{},"_coverageSchema":"1a1c01bbd47fc00a2c39e90264f33305004495a9","hash":"ebb8b4964ffba7a853ff9486f743281a0b52b192"}
,"/Users/fantiga/Projects/recruitment/population-change-map-react-ts/src/index.tsx": {"path":"/Users/fantiga/Projects/recruitment/population-change-map-react-ts/src/index.tsx","statementMap":{"0":{"start":{"line":15,"column":31},"end":{"line":15,"column":95}},"1":{"start":{"line":16,"column":13},"end":{"line":16,"column":34}},"2":{"start":{"line":17,"column":0},"end":{"line":17,"column":21}}},"fnMap":{},"branchMap":{"0":{"loc":{"start":{"line":15,"column":31},"end":{"line":15,"column":95}},"type":"binary-expr","locations":[{"start":{"line":15,"column":31},"end":{"line":15,"column":62}},{"start":{"line":15,"column":66},"end":{"line":15,"column":95}}],"line":15}},"s":{"0":0,"1":0,"2":0},"f":{},"b":{"0":[0,0]}}
,"/Users/fantiga/Projects/recruitment/population-change-map-react-ts/src/components/Chart.tsx": {"path":"/Users/fantiga/Projects/recruitment/population-change-map-react-ts/src/components/Chart.tsx","statementMap":{"0":{"start":{"line":17,"column":21},"end":{"line":19,"column":1}},"1":{"start":{"line":21,"column":15},"end":{"line":26,"column":1}},"2":{"start":{"line":28,"column":16},"end":{"line":30,"column":1}},"3":{"start":{"line":32,"column":30},"end":{"line":118,"column":1}},"4":{"start":{"line":34,"column":42},"end":{"line":34,"column":44}},"5":{"start":{"line":36,"column":31},"end":{"line":36,"column":33}},"6":{"start":{"line":38,"column":2},"end":{"line":56,"column":3}},"7":{"start":{"line":39,"column":31},"end":{"line":39,"column":33}},"8":{"start":{"line":46,"column":4},"end":{"line":49,"column":5}},"9":{"start":{"line":47,"column":6},"end":{"line":47,"column":32}},"10":{"start":{"line":48,"column":6},"end":{"line":48,"column":44}},"11":{"start":{"line":51,"column":4},"end":{"line":55,"column":7}},"12":{"start":{"line":63,"column":27},"end":{"line":93,"column":31}},"13":{"start":{"line":63,"column":42},"end":{"line":93,"column":3}},"14":{"start":{"line":95,"column":2},"end":{"line":117,"column":4}},"15":{"start":{"line":99,"column":103},"end":{"line":99,"column":143}},"16":{"start":{"line":103,"column":103},"end":{"line":103,"column":143}},"17":{"start":{"line":107,"column":103},"end":{"line":107,"column":143}},"18":{"start":{"line":111,"column":103},"end":{"line":111,"column":143}}},"fnMap":{"0":{"name":"(anonymous_0)","decl":{"start":{"line":32,"column":30},"end":{"line":32,"column":31}},"loc":{"start":{"line":32,"column":79},"end":{"line":118,"column":1}},"line":32},"1":{"name":"(anonymous_1)","decl":{"start":{"line":63,"column":35},"end":{"line":63,"column":36}},"loc":{"start":{"line":63,"column":42},"end":{"line":93,"column":3}},"line":63},"2":{"name":"(anonymous_2)","decl":{"start":{"line":99,"column":92},"end":{"line":99,"column":93}},"loc":{"start":{"line":99,"column":103},"end":{"line":99,"column":143}},"line":99},"3":{"name":"(anonymous_3)","decl":{"start":{"line":103,"column":92},"end":{"line":103,"column":93}},"loc":{"start":{"line":103,"column":103},"end":{"line":103,"column":143}},"line":103},"4":{"name":"(anonymous_4)","decl":{"start":{"line":107,"column":92},"end":{"line":107,"column":93}},"loc":{"start":{"line":107,"column":103},"end":{"line":107,"column":143}},"line":107},"5":{"name":"(anonymous_5)","decl":{"start":{"line":111,"column":92},"end":{"line":111,"column":93}},"loc":{"start":{"line":111,"column":103},"end":{"line":111,"column":143}},"line":111}},"branchMap":{"0":{"loc":{"start":{"line":92,"column":12},"end":{"line":92,"column":90}},"type":"cond-expr","locations":[{"start":{"line":92,"column":38},"end":{"line":92,"column":77}},{"start":{"line":92,"column":80},"end":{"line":92,"column":90}}],"line":92}},"s":{"0":1,"1":1,"2":1,"3":1,"4":3,"5":3,"6":3,"7":0,"8":0,"9":0,"10":0,"11":0,"12":3,"13":3,"14":3,"15":0,"16":0,"17":0,"18":0},"f":{"0":3,"1":3,"2":0,"3":0,"4":0,"5":0},"b":{"0":[3,0]},"_coverageSchema":"1a1c01bbd47fc00a2c39e90264f33305004495a9","hash":"5e2881efa3729e65a62d7d274e5fe229a4b26e90"}
,"/Users/fantiga/Projects/recruitment/population-change-map-react-ts/src/components/Container.tsx": {"path":"/Users/fantiga/Projects/recruitment/population-change-map-react-ts/src/components/Container.tsx","statementMap":{"0":{"start":{"line":17,"column":20},"end":{"line":20,"column":1}},"1":{"start":{"line":22,"column":22},"end":{"line":95,"column":1}},"2":{"start":{"line":24,"column":46},"end":{"line":24,"column":79}},"3":{"start":{"line":26,"column":46},"end":{"line":26,"column":79}},"4":{"start":{"line":28,"column":36},"end":{"line":28,"column":55}},"5":{"start":{"line":37,"column":72},"end":{"line":65,"column":22}},"6":{"start":{"line":38,"column":41},"end":{"line":38,"column":60}},"7":{"start":{"line":39,"column":4},"end":{"line":64,"column":5}},"8":{"start":{"line":45,"column":6},"end":{"line":55,"column":60}},"9":{"start":{"line":48,"column":10},"end":{"line":52,"column":13}},"10":{"start":{"line":53,"column":10},"end":{"line":53,"column":37}},"11":{"start":{"line":55,"column":26},"end":{"line":55,"column":58}},"12":{"start":{"line":62,"column":6},"end":{"line":62,"column":76}},"13":{"start":{"line":62,"column":46},"end":{"line":62,"column":70}},"14":{"start":{"line":63,"column":6},"end":{"line":63,"column":33}},"15":{"start":{"line":72,"column":2},"end":{"line":79,"column":9}},"16":{"start":{"line":73,"column":4},"end":{"line":78,"column":58}},"17":{"start":{"line":76,"column":8},"end":{"line":76,"column":34}},"18":{"start":{"line":78,"column":24},"end":{"line":78,"column":56}},"19":{"start":{"line":81,"column":2},"end":{"line":94,"column":4}}},"fnMap":{"0":{"name":"(anonymous_0)","decl":{"start":{"line":22,"column":22},"end":{"line":22,"column":23}},"loc":{"start":{"line":22,"column":28},"end":{"line":95,"column":1}},"line":22},"1":{"name":"(anonymous_1)","decl":{"start":{"line":37,"column":84},"end":{"line":37,"column":85}},"loc":{"start":{"line":37,"column":139},"end":{"line":65,"column":3}},"line":37},"2":{"name":"(anonymous_2)","decl":{"start":{"line":47,"column":14},"end":{"line":47,"column":15}},"loc":{"start":{"line":47,"column":50},"end":{"line":54,"column":9}},"line":47},"3":{"name":"(anonymous_3)","decl":{"start":{"line":55,"column":15},"end":{"line":55,"column":16}},"loc":{"start":{"line":55,"column":26},"end":{"line":55,"column":58}},"line":55},"4":{"name":"(anonymous_4)","decl":{"start":{"line":62,"column":39},"end":{"line":62,"column":40}},"loc":{"start":{"line":62,"column":46},"end":{"line":62,"column":70}},"line":62},"5":{"name":"(anonymous_5)","decl":{"start":{"line":72,"column":12},"end":{"line":72,"column":13}},"loc":{"start":{"line":72,"column":18},"end":{"line":79,"column":3}},"line":72},"6":{"name":"(anonymous_6)","decl":{"start":{"line":75,"column":12},"end":{"line":75,"column":13}},"loc":{"start":{"line":75,"column":38},"end":{"line":77,"column":7}},"line":75},"7":{"name":"(anonymous_7)","decl":{"start":{"line":78,"column":13},"end":{"line":78,"column":14}},"loc":{"start":{"line":78,"column":24},"end":{"line":78,"column":56}},"line":78}},"branchMap":{"0":{"loc":{"start":{"line":39,"column":4},"end":{"line":64,"column":5}},"type":"if","locations":[{"start":{"line":39,"column":4},"end":{"line":64,"column":5}},{"start":{"line":56,"column":11},"end":{"line":64,"column":5}}],"line":39},"1":{"loc":{"start":{"line":50,"column":18},"end":{"line":50,"column":28}},"type":"binary-expr","locations":[{"start":{"line":50,"column":18},"end":{"line":50,"column":22}},{"start":{"line":50,"column":26},"end":{"line":50,"column":28}}],"line":50}},"s":{"0":1,"1":1,"2":2,"3":2,"4":2,"5":2,"6":0,"7":0,"8":0,"9":0,"10":0,"11":0,"12":0,"13":0,"14":0,"15":2,"16":2,"17":0,"18":0,"19":2},"f":{"0":2,"1":0,"2":0,"3":0,"4":0,"5":2,"6":0,"7":0},"b":{"0":[0,0],"1":[0,0]},"_coverageSchema":"1a1c01bbd47fc00a2c39e90264f33305004495a9","hash":"a8214ecbacec598a5e9a7ad840f7cd919f585b6f"}
,"/Users/fantiga/Projects/recruitment/population-change-map-react-ts/src/components/Head.tsx": {"path":"/Users/fantiga/Projects/recruitment/population-change-map-react-ts/src/components/Head.tsx","statementMap":{"0":{"start":{"line":12,"column":15},"end":{"line":26,"column":1}},"1":{"start":{"line":28,"column":17},"end":{"line":28,"column":48}},"2":{"start":{"line":28,"column":23},"end":{"line":28,"column":48}}},"fnMap":{"0":{"name":"(anonymous_0)","decl":{"start":{"line":28,"column":17},"end":{"line":28,"column":18}},"loc":{"start":{"line":28,"column":23},"end":{"line":28,"column":48}},"line":28}},"branchMap":{},"s":{"0":1,"1":1,"2":2},"f":{"0":2},"b":{},"_coverageSchema":"1a1c01bbd47fc00a2c39e90264f33305004495a9","hash":"9732070ad7799627686bbf61caaf546f7dd412df"}
,"/Users/fantiga/Projects/recruitment/population-change-map-react-ts/src/components/Prefecture.tsx": {"path":"/Users/fantiga/Projects/recruitment/population-change-map-react-ts/src/components/Prefecture.tsx","statementMap":{"0":{"start":{"line":13,"column":16},"end":{"line":27,"column":1}},"1":{"start":{"line":29,"column":15},"end":{"line":35,"column":1}},"2":{"start":{"line":37,"column":23},"end":{"line":39,"column":1}},"3":{"start":{"line":41,"column":40},"end":{"line":61,"column":1}},"4":{"start":{"line":42,"column":2},"end":{"line":60,"column":5}},"5":{"start":{"line":47,"column":10},"end":{"line":56,"column":20}}},"fnMap":{"0":{"name":"(anonymous_0)","decl":{"start":{"line":41,"column":40},"end":{"line":41,"column":41}},"loc":{"start":{"line":42,"column":2},"end":{"line":60,"column":5}},"line":42},"1":{"name":"(anonymous_1)","decl":{"start":{"line":46,"column":45},"end":{"line":46,"column":46}},"loc":{"start":{"line":47,"column":10},"end":{"line":56,"column":20}},"line":47}},"branchMap":{"0":{"loc":{"start":{"line":46,"column":8},"end":{"line":57,"column":10}},"type":"binary-expr","locations":[{"start":{"line":46,"column":8},"end":{"line":46,"column":22}},{"start":{"line":46,"column":26},"end":{"line":57,"column":10}}],"line":46}},"s":{"0":2,"1":2,"2":2,"3":2,"4":5,"5":94},"f":{"0":5,"1":94},"b":{"0":[5,5]},"_coverageSchema":"1a1c01bbd47fc00a2c39e90264f33305004495a9","hash":"10ab98ae28f79c2fc601232707150c9b43ac6b4f"}
,"/Users/fantiga/Projects/recruitment/population-change-map-react-ts/src/types/props/Chart.ts": {"path":"/Users/fantiga/Projects/recruitment/population-change-map-react-ts/src/types/props/Chart.ts","statementMap":{},"fnMap":{},"branchMap":{},"s":{},"f":{},"b":{}}
,"/Users/fantiga/Projects/recruitment/population-change-map-react-ts/src/types/props/Prefecture.ts": {"path":"/Users/fantiga/Projects/recruitment/population-change-map-react-ts/src/types/props/Prefecture.ts","statementMap":{},"fnMap":{},"branchMap":{},"s":{},"f":{},"b":{}}
,"/Users/fantiga/Projects/recruitment/population-change-map-react-ts/src/types/results/Population.ts": {"path":"/Users/fantiga/Projects/recruitment/population-change-map-react-ts/src/types/results/Population.ts","statementMap":{},"fnMap":{},"branchMap":{},"s":{},"f":{},"b":{}}
,"/Users/fantiga/Projects/recruitment/population-change-map-react-ts/src/types/results/Prefectures.ts": {"path":"/Users/fantiga/Projects/recruitment/population-change-map-react-ts/src/types/results/Prefectures.ts","statementMap":{},"fnMap":{},"branchMap":{},"s":{},"f":{},"b":{}}
,"/Users/fantiga/Projects/recruitment/population-change-map-react-ts/src/utils/axios.ts": {"path":"/Users/fantiga/Projects/recruitment/population-change-map-react-ts/src/utils/axios.ts","statementMap":{"0":{"start":{"line":12,"column":23},"end":{"line":12,"column":67}},"1":{"start":{"line":13,"column":0},"end":{"line":13,"column":33}},"2":{"start":{"line":15,"column":0},"end":{"line":15,"column":70}}},"fnMap":{},"branchMap":{},"s":{"0":1,"1":1,"2":1},"f":{},"b":{},"_coverageSchema":"1a1c01bbd47fc00a2c39e90264f33305004495a9","hash":"d56fe1667128ba1f06f520ef25043a8396f20d40"}
}
