TN:
SF:src/App.tsx
FN:12,(anonymous_0)
FNF:1
FNH:1
FNDA:1,(anonymous_0)
DA:12,1
DA:13,1
LF:2
LH:2
BRF:0
BRH:0
end_of_record
TN:
SF:src/index.tsx
FNF:0
FNH:0
DA:15,0
DA:16,0
DA:17,0
LF:3
LH:0
BRDA:15,0,0,0
BRDA:15,0,1,0
BRF:2
BRH:0
end_of_record
TN:
SF:src/components/Chart.tsx
FN:32,(anonymous_0)
FN:63,(anonymous_1)
FN:99,(anonymous_2)
FN:103,(anonymous_3)
FN:107,(anonymous_4)
FN:111,(anonymous_5)
FNF:6
FNH:2
FNDA:3,(anonymous_0)
FNDA:3,(anonymous_1)
FNDA:0,(anonymous_2)
FNDA:0,(anonymous_3)
FNDA:0,(anonymous_4)
FNDA:0,(anonymous_5)
DA:17,1
DA:21,1
DA:28,1
DA:32,1
DA:34,3
DA:36,3
DA:38,3
DA:39,0
DA:46,0
DA:47,0
DA:48,0
DA:51,0
DA:63,3
DA:95,3
DA:99,0
DA:103,0
DA:107,0
DA:111,0
LF:18
LH:9
BRDA:92,0,0,3
BRDA:92,0,1,0
BRF:2
BRH:1
end_of_record
TN:
SF:src/components/Container.tsx
FN:22,(anonymous_0)
FN:37,(anonymous_1)
FN:47,(anonymous_2)
FN:55,(anonymous_3)
FN:62,(anonymous_4)
FN:72,(anonymous_5)
FN:75,(anonymous_6)
FN:78,(anonymous_7)
FNF:8
FNH:2
FNDA:2,(anonymous_0)
FNDA:0,(anonymous_1)
FNDA:0,(anonymous_2)
FNDA:0,(anonymous_3)
FNDA:0,(anonymous_4)
FNDA:2,(anonymous_5)
FNDA:0,(anonymous_6)
FNDA:0,(anonymous_7)
DA:17,1
DA:22,1
DA:24,2
DA:26,2
DA:28,2
DA:37,2
DA:38,0
DA:39,0
DA:45,0
DA:48,0
DA:53,0
DA:55,0
DA:62,0
DA:63,0
DA:72,2
DA:73,2
DA:76,0
DA:78,0
DA:81,2
LF:19
LH:9
BRDA:39,0,0,0
BRDA:39,0,1,0
BRDA:50,1,0,0
BRDA:50,1,1,0
BRF:4
BRH:0
end_of_record
TN:
SF:src/components/Head.tsx
FN:28,(anonymous_0)
FNF:1
FNH:1
FNDA:2,(anonymous_0)
DA:12,1
DA:28,2
LF:2
LH:2
BRF:0
BRH:0
end_of_record
TN:
SF:src/components/Prefecture.tsx
FN:41,(anonymous_0)
FN:46,(anonymous_1)
FNF:2
FNH:2
FNDA:5,(anonymous_0)
FNDA:94,(anonymous_1)
DA:13,2
DA:29,2
DA:37,2
DA:41,2
DA:42,5
DA:47,94
LF:6
LH:6
BRDA:46,0,0,5
BRDA:46,0,1,5
BRF:2
BRH:2
end_of_record
TN:
SF:src/types/props/Chart.ts
FNF:0
FNH:0
LF:0
LH:0
BRF:0
BRH:0
end_of_record
TN:
SF:src/types/props/Prefecture.ts
FNF:0
FNH:0
LF:0
LH:0
BRF:0
BRH:0
end_of_record
TN:
SF:src/types/results/Population.ts
FNF:0
FNH:0
LF:0
LH:0
BRF:0
BRH:0
end_of_record
TN:
SF:src/types/results/Prefectures.ts
FNF:0
FNH:0
LF:0
LH:0
BRF:0
BRH:0
end_of_record
TN:
SF:src/utils/axios.ts
FNF:0
FNH:0
DA:12,1
DA:13,1
DA:15,1
LF:3
LH:3
BRF:0
BRH:0
end_of_record
